# JRE version: Java(TM) SE Runtime Environment (8.0_20-b23) (build 1.8.0_20-ea-b23)
# Java VM: Java HotSpot(TM) 64-Bit Server VM (25.20-b22 mixed mode bsd-amd64 compressed oops)
Heap:
 PSYoungGen      total 310784K, used 191913K [0x0000000795580000, 0x00000007aa500000, 0x00000007c0000000)
  eden space 280064K, 68% used [0x0000000795580000,0x00000007a10ea618,0x00000007a6700000)
  from space 30720K, 0% used [0x00000007a8680000,0x00000007a8680000,0x00000007aa480000)
  to   space 31744K, 0% used [0x00000007a6700000,0x00000007a6700000,0x00000007a8600000)
 ParOldGen       total 147968K, used 58939K [0x0000000740000000, 0x0000000749080000, 0x0000000795580000)
  object space 147968K, 39% used [0x0000000740000000,0x000000074398ed90,0x0000000749080000)
 Metaspace       used 60519K, capacity 61638K, committed 61824K, reserved 1103872K
  class space    used 7224K, capacity 7493K, committed 7552K, reserved 1048576K
GC Heap History (10 events):
Event: 29.577 GC heap before
{Heap before GC invocations=21 (full 2):
 PSYoungGen      total 209408K, used 21746K [0x0000000795580000, 0x00000007a7380000, 0x00000007c0000000)
  eden space 177152K, 0% used [0x0000000795580000,0x0000000795580000,0x00000007a0280000)
  from space 32256K, 67% used [0x00000007a0280000,0x00000007a17bca58,0x00000007a2200000)
  to   space 32768K, 0% used [0x00000007a5380000,0x00000007a5380000,0x00000007a7380000)
 ParOldGen       total 68096K, used 55428K [0x0000000740000000, 0x0000000744280000, 0x0000000795580000)
  object space 68096K, 81% used [0x0000000740000000,0x00000007436213e8,0x0000000744280000)
 Metaspace       used 34555K, capacity 35382K, committed 35496K, reserved 1081344K
  class space    used 4110K, capacity 4341K, committed 4352K, reserved 1048576K
Event: 29.801 GC heap after
Heap after GC invocations=21 (full 2):
 PSYoungGen      total 209408K, used 0K [0x0000000795580000, 0x00000007a7380000, 0x00000007c0000000)
  eden space 177152K, 0% used [0x0000000795580000,0x0000000795580000,0x00000007a0280000)
  from space 32256K, 0% used [0x00000007a0280000,0x00000007a0280000,0x00000007a2200000)
  to   space 32768K, 0% used [0x00000007a5380000,0x00000007a5380000,0x00000007a7380000)
 ParOldGen       total 125440K, used 59610K [0x0000000740000000, 0x0000000747a80000, 0x0000000795580000)
  object space 125440K, 47% used [0x0000000740000000,0x0000000743a368d0,0x0000000747a80000)
 Metaspace       used 34554K, capacity 35380K, committed 35496K, reserved 1081344K
  class space    used 4109K, capacity 4340K, committed 4352K, reserved 1048576K
}
Event: 34.330 GC heap before
{Heap before GC invocations=22 (full 2):
 PSYoungGen      total 209408K, used 177152K [0x0000000795580000, 0x00000007a7380000, 0x00000007c0000000)
  eden space 177152K, 100% used [0x0000000795580000,0x00000007a0280000,0x00000007a0280000)
  from space 32256K, 0% used [0x00000007a0280000,0x00000007a0280000,0x00000007a2200000)
  to   space 32768K, 0% used [0x00000007a5380000,0x00000007a5380000,0x00000007a7380000)
 ParOldGen       total 125440K, used 59610K [0x0000000740000000, 0x0000000747a80000, 0x0000000795580000)
  object space 125440K, 47% used [0x0000000740000000,0x0000000743a368d0,0x0000000747a80000)
 Metaspace       used 47680K, capacity 48538K, committed 48896K, reserved 1091584K
  class space    used 5607K, capacity 5829K, committed 5888K, reserved 1048576K
Event: 34.357 GC heap after
Heap after GC invocations=22 (full 2):
 PSYoungGen      total 253952K, used 16707K [0x0000000795580000, 0x00000007a6f80000, 0x00000007c0000000)
  eden space 225280K, 0% used [0x0000000795580000,0x0000000795580000,0x00000007a3180000)
  from space 28672K, 58% used [0x00000007a5380000,0x00000007a63d0ed0,0x00000007a6f80000)
  to   space 31744K, 0% used [0x00000007a3180000,0x00000007a3180000,0x00000007a5080000)
 ParOldGen       total 125440K, used 59626K [0x0000000740000000, 0x0000000747a80000, 0x0000000795580000)
  object space 125440K, 47% used [0x0000000740000000,0x0000000743a3a8d0,0x0000000747a80000)
 Metaspace       used 47680K, capacity 48538K, committed 48896K, reserved 1091584K
  class space    used 5607K, capacity 5829K, committed 5888K, reserved 1048576K
}
Event: 38.884 GC heap before
{Heap before GC invocations=23 (full 2):
 PSYoungGen      total 253952K, used 241987K [0x0000000795580000, 0x00000007a6f80000, 0x00000007c0000000)
  eden space 225280K, 100% used [0x0000000795580000,0x00000007a3180000,0x00000007a3180000)
  from space 28672K, 58% used [0x00000007a5380000,0x00000007a63d0ed0,0x00000007a6f80000)
  to   space 31744K, 0% used [0x00000007a3180000,0x00000007a3180000,0x00000007a5080000)
 ParOldGen       total 125440K, used 59626K [0x0000000740000000, 0x0000000747a80000, 0x0000000795580000)
  object space 125440K, 47% used [0x0000000740000000,0x0000000743a3a8d0,0x0000000747a80000)
 Metaspace       used 57004K, capacity 58018K, committed 58368K, reserved 1099776K
  class space    used 6807K, capacity 7055K, committed 7168K, reserved 1048576K
Event: 38.913 GC heap after
Heap after GC invocations=23 (full 2):
 PSYoungGen      total 257024K, used 17754K [0x0000000795580000, 0x00000007aa480000, 0x00000007c0000000)
  eden space 225280K, 0% used [0x0000000795580000,0x0000000795580000,0x00000007a3180000)
  from space 31744K, 55% used [0x00000007a3180000,0x00000007a42d6ba8,0x00000007a5080000)
  to   space 30720K, 0% used [0x00000007a8680000,0x00000007a8680000,0x00000007aa480000)
 ParOldGen       total 125440K, used 66424K [0x0000000740000000, 0x0000000747a80000, 0x0000000795580000)
  object space 125440K, 52% used [0x0000000740000000,0x00000007440de3f8,0x0000000747a80000)
 Metaspace       used 57004K, capacity 58018K, committed 58368K, reserved 1099776K
  class space    used 6807K, capacity 7055K, committed 7168K, reserved 1048576K
}
Event: 39.906 GC heap before
{Heap before GC invocations=24 (full 2):
 PSYoungGen      total 257024K, used 73613K [0x0000000795580000, 0x00000007aa480000, 0x00000007c0000000)
  eden space 225280K, 24% used [0x0000000795580000,0x0000000798c0c8b0,0x00000007a3180000)
  from space 31744K, 55% used [0x00000007a3180000,0x00000007a42d6ba8,0x00000007a5080000)
  to   space 30720K, 0% used [0x00000007a8680000,0x00000007a8680000,0x00000007aa480000)
 ParOldGen       total 125440K, used 66424K [0x0000000740000000, 0x0000000747a80000, 0x0000000795580000)
  object space 125440K, 52% used [0x0000000740000000,0x00000007440de3f8,0x0000000747a80000)
 Metaspace       used 57808K, capacity 58914K, committed 59136K, reserved 1101824K
  class space    used 6904K, capacity 7167K, committed 7168K, reserved 1048576K
Event: 39.920 GC heap after
Heap after GC invocations=24 (full 2):
 PSYoungGen      total 310784K, used 2833K [0x0000000795580000, 0x00000007aa500000, 0x00000007c0000000)
  eden space 280064K, 0% used [0x0000000795580000,0x0000000795580000,0x00000007a6700000)
  from space 30720K, 9% used [0x00000007a8680000,0x00000007a8944488,0x00000007aa480000)
  to   space 31744K, 0% used [0x00000007a6700000,0x00000007a6700000,0x00000007a8600000)
 ParOldGen       total 125440K, used 76035K [0x0000000740000000, 0x0000000747a80000, 0x0000000795580000)
  object space 125440K, 60% used [0x0000000740000000,0x0000000744a40cb0,0x0000000747a80000)
 Metaspace       used 57808K, capacity 58914K, committed 59136K, reserved 1101824K
  class space    used 6904K, capacity 7167K, committed 7168K, reserved 1048576K
}
Event: 39.921 GC heap before
{Heap before GC invocations=25 (full 3):
 PSYoungGen      total 310784K, used 2833K [0x0000000795580000, 0x00000007aa500000, 0x00000007c0000000)
  eden space 280064K, 0% used [0x0000000795580000,0x0000000795580000,0x00000007a6700000)
  from space 30720K, 9% used [0x00000007a8680000,0x00000007a8944488,0x00000007aa480000)
  to   space 31744K, 0% used [0x00000007a6700000,0x00000007a6700000,0x00000007a8600000)
 ParOldGen       total 125440K, used 76035K [0x0000000740000000, 0x0000000747a80000, 0x0000000795580000)
  object space 125440K, 60% used [0x0000000740000000,0x0000000744a40cb0,0x0000000747a80000)
 Metaspace       used 57808K, capacity 58914K, committed 59136K, reserved 1101824K
  class space    used 6904K, capacity 7167K, committed 7168K, reserved 1048576K
Event: 40.420 GC heap after
Heap after GC invocations=25 (full 3):
 PSYoungGen      total 310784K, used 0K [0x0000000795580000, 0x00000007aa500000, 0x00000007c0000000)
  eden space 280064K, 0% used [0x0000000795580000,0x0000000795580000,0x00000007a6700000)
  from space 30720K, 0% used [0x00000007a8680000,0x00000007a8680000,0x00000007aa480000)
  to   space 31744K, 0% used [0x00000007a6700000,0x00000007a6700000,0x00000007a8600000)
 ParOldGen       total 147968K, used 58939K [0x0000000740000000, 0x0000000749080000, 0x0000000795580000)
  object space 147968K, 39% used [0x0000000740000000,0x000000074398ed90,0x0000000749080000)
 Metaspace       used 57801K, capacity 58902K, committed 59136K, reserved 1101824K
  class space    used 6903K, capacity 7165K, committed 7168K, reserved 1048576K
}

